<component name="libraryTable">
  <library name="junitlibraries">
    <CLASSES>
      <root url="file://$USER_HOME$/Desktop/junitlibraries" />
    </CLASSES>
    <JAVADOC />
    <SOURCES>
      <root url="file://$USER_HOME$/Desktop/junitlibraries" />
    </SOURCES>
    <jarDirectory url="file://$USER_HOME$/Desktop/junitlibraries" recursive="false" />
    <jarDirectory url="file://$USER_HOME$/Desktop/junitlibraries" recursive="false" type="SOURCES" />
  </library>
</component>